<?xml version="1.0" encoding="UTF-8"?>
<!-- Generated by org.testng.reporters.JUnitReportReporter -->
<testsuite skipped="0" hostname="LP-5CG0233WXY" name="com.example.MultipleWindow" tests="1" failures="0" timestamp="08 Aug 2021 12:46:21 GMT" time="27.628" errors="0">
  <testcase name="f" time="27.628" classname="com.example.MultipleWindow"/>
</testsuite> <!-- com.example.MultipleWindow -->
