<?xml version="1.0" encoding="UTF-8"?>
<!-- Generated by org.testng.reporters.JUnitReportReporter -->
<testsuite skipped="0" hostname="LP-5CG0233WXY" name="com.example.extentsample" tests="1" failures="0" timestamp="25 Aug 2021 04:37:38 GMT" time="0.041" errors="0">
  <testcase name="test1" time="0.041" classname="com.example.extentsample"/>
</testsuite> <!-- com.example.extentsample -->
