<?xml version="1.0" encoding="UTF-8"?>
<!-- Generated by org.testng.reporters.JUnitReportReporter -->
<testsuite skipped="0" hostname="LP-5CG0233WXY" name="com.example.CheckBox" tests="1" failures="0" timestamp="08 Aug 2021 12:43:42 GMT" time="48.751" errors="0">
  <testcase name="f" time="48.751" classname="com.example.CheckBox"/>
</testsuite> <!-- com.example.CheckBox -->
