<?xml version="1.0" encoding="UTF-8"?>
<!-- Generated by org.testng.reporters.JUnitReportReporter -->
<testsuite skipped="0" hostname="LP-5CG0233WXY" name="com.example.RadioButton" tests="1" failures="0" timestamp="08 Aug 2021 12:47:19 GMT" time="19.234" errors="0">
  <testcase name="f" time="19.234" classname="com.example.RadioButton"/>
</testsuite> <!-- com.example.RadioButton -->
