<?xml version="1.0" encoding="UTF-8"?>
<!-- Generated by org.testng.reporters.JUnitReportReporter -->
<testsuite skipped="0" hostname="LP-5CG0233WXY" name="com.example.Sample2" tests="5" failures="0" timestamp="10 Aug 2021 13:49:45 GMT" time="0.030" errors="0">
  <testcase name="case7a" time="0.017" classname="com.example.Sample2"/>
  <testcase name="case9" time="0.000" classname="com.example.Sample2"/>
  <testcase name="case5a" time="0.006" classname="com.example.Sample2"/>
  <testcase name="case8" time="0.007" classname="com.example.Sample2"/>
  <testcase name="case6a" time="0.000" classname="com.example.Sample2"/>
</testsuite> <!-- com.example.Sample2 -->
