<?xml version="1.0" encoding="UTF-8"?>
<!-- Generated by org.testng.reporters.JUnitReportReporter -->
<testsuite skipped="0" hostname="LP-5CG0233WXY" name="com.example.Dropdown" tests="1" failures="0" timestamp="11 Aug 2021 11:21:06 GMT" time="6.630" errors="0">
  <testcase name="f" time="6.630" classname="com.example.Dropdown"/>
</testsuite> <!-- com.example.Dropdown -->
