<?xml version="1.0" encoding="UTF-8"?>
<!-- Generated by org.testng.reporters.JUnitReportReporter -->
<testsuite skipped="0" hostname="LP-5CG0233WXY" name="com.example.SeleniumAssess" tests="1" failures="0" timestamp="22 Aug 2021 14:53:43 GMT" time="42.347" errors="0">
  <testcase name="f" time="42.347" classname="com.example.SeleniumAssess"/>
</testsuite> <!-- com.example.SeleniumAssess -->
