<?xml version="1.0" encoding="UTF-8"?>
<!-- Generated by org.testng.reporters.JUnitReportReporter -->
<testsuite skipped="1" hostname="LP-5CG0233WXY" name="com.example.GreaterTest" tests="5" failures="0" timestamp="05 Aug 2021 03:38:38 GMT" time="0.047" errors="0">
  <testcase name="div" time="0.030" classname="com.example.GreaterTest"/>
  <testcase name="great" time="0.007" classname="com.example.GreaterTest"/>
  <testcase name="great" time="0.002" classname="com.example.GreaterTest"/>
  <testcase name="great" time="0.008" classname="com.example.GreaterTest"/>
  <testcase name="mod" classname="com.example.GreaterTest">
    <skipped/>
  </testcase> <!-- mod -->
</testsuite> <!-- com.example.GreaterTest -->
