<?xml version="1.0" encoding="UTF-8"?>
<!-- Generated by org.testng.reporters.JUnitReportReporter -->
<testsuite skipped="0" hostname="LP-5CG0233WXY" name="com.example.Scroll" tests="1" failures="0" timestamp="16 Aug 2021 14:58:36 GMT" time="14.809" errors="0">
  <testcase name="f" time="14.809" classname="com.example.Scroll"/>
</testsuite> <!-- com.example.Scroll -->
