<?xml version="1.0" encoding="UTF-8"?>
<!-- Generated by org.testng.reporters.JUnitReportReporter -->
<testsuite skipped="0" hostname="LP-5CG0233WXY" name="functionality.Login1" tests="1" failures="0" timestamp="16 Aug 2021 15:43:35 GMT" time="45.705" errors="0">
  <testcase name="sample" time="45.705" classname="functionality.Login1"/>
</testsuite> <!-- functionality.Login1 -->
