<?xml version="1.0" encoding="UTF-8"?>
<!-- Generated by org.testng.reporters.JUnitReportReporter -->
<testsuite skipped="0" hostname="LP-5CG0233WXY" name="com.example.download" tests="1" failures="0" timestamp="17 Aug 2021 10:46:43 GMT" time="21.265" errors="0">
  <testcase name="f" time="21.265" classname="com.example.download"/>
</testsuite> <!-- com.example.download -->
