<?xml version="1.0" encoding="UTF-8"?>
<!-- Generated by org.testng.reporters.JUnitReportReporter -->
<testsuite skipped="0" hostname="LP-5CG0233WXY" name="com.example.Ordered" tests="1" failures="0" timestamp="13 Aug 2021 02:23:47 GMT" time="30.099" errors="0">
  <testcase name="f" time="30.099" classname="com.example.Ordered"/>
</testsuite> <!-- com.example.Ordered -->
