<?xml version="1.0" encoding="UTF-8"?>
<!-- Generated by org.testng.reporters.JUnitReportReporter -->
<testsuite skipped="0" hostname="LP-5CG0233WXY" name="com.example.Sample1" tests="3" failures="0" timestamp="10 Aug 2021 13:33:30 GMT" time="0.061" errors="0">
  <testcase name="case6" time="0.019" classname="com.example.Sample1"/>
  <testcase name="case5" time="0.023" classname="com.example.Sample1"/>
  <testcase name="case7" time="0.019" classname="com.example.Sample1"/>
</testsuite> <!-- com.example.Sample1 -->
