<?xml version="1.0" encoding="UTF-8"?>
<!-- Generated by org.testng.reporters.JUnitReportReporter -->
<testsuite skipped="0" hostname="LP-5CG0233WXY" name="com.example.Drag" tests="1" failures="0" timestamp="10 Aug 2021 10:09:14 GMT" time="9.614" errors="0">
  <testcase name="f" time="9.614" classname="com.example.Drag"/>
</testsuite> <!-- com.example.Drag -->
