<?xml version="1.0" encoding="UTF-8"?>
<!-- Generated by org.testng.reporters.JUnitReportReporter -->
<testsuite skipped="0" hostname="LP-5CG0233WXY" name="com.example.NewTest" tests="1" failures="0" timestamp="08 Aug 2021 12:37:06 GMT" time="24.548" errors="0">
  <testcase name="f" time="24.548" classname="com.example.NewTest"/>
</testsuite> <!-- com.example.NewTest -->
