<?xml version="1.0" encoding="UTF-8"?>
<!-- Generated by org.testng.reporters.JUnitReportReporter -->
<testsuite skipped="0" hostname="LP-5CG0233WXY" name="com.example.tooltip" tests="1" failures="0" timestamp="18 Aug 2021 14:40:31 GMT" time="12.273" errors="0">
  <testcase name="f" time="12.273" classname="com.example.tooltip"/>
</testsuite> <!-- com.example.tooltip -->
